17:01:53.692 [restartedMain] INFO  o.s.b.d.restart.ChangeableUrls - The Class-Path manifest attribute in C:\Users\VaishnavPuthiyanampa\.m2\repository\com\oracle\database\jdbc\ojdbc8\21.5.0.0\ojdbc8-21.5.0.0.jar referenced one or more files that do not exist: file:/C:/Users/VaishnavPuthiyanampa/.m2/repository/com/oracle/database/jdbc/ojdbc8/21.5.0.0/oraclepki.jar
17:01:53.693 [restartedMain] INFO  o.s.b.d.e.DevToolsPropertyDefaultsPostProcessor - Devtools property defaults active! Set 'spring.devtools.add-properties' to 'false' to disable
17:01:54.594 [restartedMain] INFO  o.s.c.c.c.ConfigServicePropertySourceLocator - Fetching config from server at : http://localhost:8888
17:01:54.683 [restartedMain] INFO  o.s.c.c.c.ConfigServicePropertySourceLocator - Connect Timeout Exception on Url - http://localhost:8888. Will be trying the next url if available
17:01:54.684 [restartedMain] WARN  o.s.c.c.c.ConfigServicePropertySourceLocator - Could not locate PropertySource: I/O error on GET request for "http://localhost:8888/UMS-BI-REPORTING-SERVICE/default": Connection refused: no further information; nested exception is java.net.ConnectException: Connection refused: no further information
17:01:54.686 [restartedMain] INFO  c.i.u.b.r.UMSBIReportApplication - No active profile set, falling back to 1 default profile: "default"
17:01:55.308 [restartedMain] INFO  o.s.d.r.c.RepositoryConfigurationDelegate - Bootstrapping Spring Data JPA repositories in DEFAULT mode.
17:01:55.330 [restartedMain] INFO  o.s.d.r.c.RepositoryConfigurationDelegate - Finished Spring Data repository scanning in 12 ms. Found 0 JPA repository interfaces.
17:01:55.581 [restartedMain] INFO  o.s.cloud.context.scope.GenericScope - BeanFactory id=df636d54-7bc8-363f-a68c-36bbf0629fe2
17:01:56.264 [restartedMain] INFO  o.s.b.w.e.tomcat.TomcatWebServer - Tomcat initialized with port(s): 9009 (http)
17:01:56.272 [restartedMain] INFO  o.a.coyote.http11.Http11NioProtocol - Initializing ProtocolHandler ["http-nio-9009"]
17:01:56.273 [restartedMain] INFO  o.a.catalina.core.StandardService - Starting service [Tomcat]
17:01:56.274 [restartedMain] INFO  o.a.catalina.core.StandardEngine - Starting Servlet engine: [Apache Tomcat/9.0.82]
17:01:56.519 [restartedMain] INFO  o.a.c.c.C.[Tomcat].[localhost].[/] - Initializing Spring embedded WebApplicationContext
17:01:56.519 [restartedMain] INFO  o.s.b.w.s.c.ServletWebServerApplicationContext - Root WebApplicationContext: initialization completed in 1819 ms
17:01:56.678 [restartedMain] INFO  o.h.jpa.internal.util.LogHelper - HHH000204: Processing PersistenceUnitInfo [name: default]
17:01:56.725 [restartedMain] INFO  org.hibernate.Version - HHH000412: Hibernate ORM core version 5.6.15.Final
17:01:56.858 [restartedMain] INFO  o.h.annotations.common.Version - HCANN000001: Hibernate Commons Annotations {5.1.2.Final}
17:01:56.961 [restartedMain] INFO  com.zaxxer.hikari.HikariDataSource - HikariPool-1 - Starting...
17:01:57.193 [restartedMain] INFO  com.zaxxer.hikari.HikariDataSource - HikariPool-1 - Start completed.
17:01:57.206 [restartedMain] INFO  org.hibernate.dialect.Dialect - HHH000400: Using dialect: org.hibernate.dialect.PostgreSQLDialect
17:01:57.679 [restartedMain] INFO  o.h.e.t.j.p.i.JtaPlatformInitiator - HHH000490: Using JtaPlatform implementation: [org.hibernate.engine.transaction.jta.platform.internal.NoJtaPlatform]
17:01:57.689 [restartedMain] INFO  o.s.o.j.LocalContainerEntityManagerFactoryBean - Initialized JPA EntityManagerFactory for persistence unit 'default'
17:01:57.711 [restartedMain] INFO  c.i.u.b.r.UMSBIReportApplication - Rest Template object created
17:01:57.752 [restartedMain] WARN  o.s.b.a.o.j.JpaBaseConfiguration$JpaWebConfiguration - spring.jpa.open-in-view is enabled by default. Therefore, database queries may be performed during view rendering. Explicitly configure spring.jpa.open-in-view to disable this warning
17:01:58.192 [restartedMain] WARN  o.s.b.d.a.OptionalLiveReloadServer - Unable to start LiveReload server
17:01:58.355 [restartedMain] INFO  o.s.c.n.e.c.DiscoveryClientOptionalArgsConfiguration - Eureka HTTP Client uses RestTemplate.
17:01:58.511 [restartedMain] WARN  o.s.c.l.c.LoadBalancerCacheAutoConfiguration$LoadBalancerCaffeineWarnLogger - Spring Cloud LoadBalancer is currently working with the default cache. While this cache implementation is useful for development and tests, it's recommended to use Caffeine cache in production.You can switch to using Caffeine cache, by adding it and org.springframework.cache.caffeine.CaffeineCacheManager to the classpath.
17:01:58.554 [restartedMain] INFO  o.s.c.n.eureka.InstanceInfoFactory - Setting initial instance status as: STARTING
17:01:58.579 [restartedMain] INFO  c.netflix.discovery.DiscoveryClient - Initializing Eureka in region us-east-1
17:01:58.582 [restartedMain] INFO  c.n.d.s.r.aws.ConfigClusterResolver - Resolving eureka endpoints via configuration
17:01:58.600 [restartedMain] INFO  c.netflix.discovery.DiscoveryClient - Disable delta property : false
17:01:58.600 [restartedMain] INFO  c.netflix.discovery.DiscoveryClient - Single vip registry refresh property : null
17:01:58.601 [restartedMain] INFO  c.netflix.discovery.DiscoveryClient - Force full registry fetch : false
17:01:58.601 [restartedMain] INFO  c.netflix.discovery.DiscoveryClient - Application is null : false
17:01:58.601 [restartedMain] INFO  c.netflix.discovery.DiscoveryClient - Registered Applications size is zero : true
17:01:58.601 [restartedMain] INFO  c.netflix.discovery.DiscoveryClient - Application version is -1: true
17:01:58.601 [restartedMain] INFO  c.netflix.discovery.DiscoveryClient - Getting all instance registry info from the eureka server
17:01:58.780 [restartedMain] INFO  c.netflix.discovery.DiscoveryClient - The response status is 200
17:01:58.782 [restartedMain] INFO  c.netflix.discovery.DiscoveryClient - Starting heartbeat executor: renew interval is: 30
17:01:58.784 [restartedMain] INFO  c.n.discovery.InstanceInfoReplicator - InstanceInfoReplicator onDemand update allowed rate per min is 4
17:01:58.790 [restartedMain] INFO  c.netflix.discovery.DiscoveryClient - Discovery Client initialized at timestamp 1700911918789 with initial instances count: 0
17:01:58.792 [restartedMain] INFO  o.s.c.n.e.s.EurekaServiceRegistry - Registering application UMS-BI-REPORTING-SERVICE with eureka with status UP
17:01:58.793 [restartedMain] INFO  c.netflix.discovery.DiscoveryClient - Saw local status change event StatusChangeEvent [timestamp=1700911918793, current=UP, previous=STARTING]
17:01:58.795 [DiscoveryClient-InstanceInfoReplicator-0] INFO  c.netflix.discovery.DiscoveryClient - DiscoveryClient_UMS-BI-REPORTING-SERVICE/IKCON1049:UMS-BI-REPORTING-SERVICE:9009: registering service...
17:01:58.796 [restartedMain] INFO  o.a.coyote.http11.Http11NioProtocol - Starting ProtocolHandler ["http-nio-9009"]
17:01:58.822 [restartedMain] INFO  o.s.b.w.e.tomcat.TomcatWebServer - Tomcat started on port(s): 9009 (http) with context path ''
17:01:58.822 [restartedMain] INFO  o.s.c.n.e.s.EurekaAutoServiceRegistration - Updating port to 9009
17:01:58.830 [DiscoveryClient-InstanceInfoReplicator-0] INFO  c.netflix.discovery.DiscoveryClient - DiscoveryClient_UMS-BI-REPORTING-SERVICE/IKCON1049:UMS-BI-REPORTING-SERVICE:9009 - registration status: 204
17:01:58.942 [restartedMain] INFO  c.i.u.b.r.UMSBIReportApplication - Started UMSBIReportApplication in 7.557 seconds (JVM running for 8.758)
17:02:28.792 [DiscoveryClient-CacheRefreshExecutor-0] INFO  c.netflix.discovery.DiscoveryClient - Disable delta property : false
17:02:28.792 [DiscoveryClient-CacheRefreshExecutor-0] INFO  c.netflix.discovery.DiscoveryClient - Single vip registry refresh property : null
17:02:28.793 [DiscoveryClient-CacheRefreshExecutor-0] INFO  c.netflix.discovery.DiscoveryClient - Force full registry fetch : false
17:02:28.793 [DiscoveryClient-CacheRefreshExecutor-0] INFO  c.netflix.discovery.DiscoveryClient - Application is null : false
17:02:28.793 [DiscoveryClient-CacheRefreshExecutor-0] INFO  c.netflix.discovery.DiscoveryClient - Registered Applications size is zero : true
17:02:28.793 [DiscoveryClient-CacheRefreshExecutor-0] INFO  c.netflix.discovery.DiscoveryClient - Application version is -1: false
17:02:28.793 [DiscoveryClient-CacheRefreshExecutor-0] INFO  c.netflix.discovery.DiscoveryClient - Getting all instance registry info from the eureka server
17:02:28.808 [DiscoveryClient-CacheRefreshExecutor-0] INFO  c.netflix.discovery.DiscoveryClient - The response status is 200
17:04:22.355 [http-nio-9009-exec-1] INFO  o.a.c.c.C.[Tomcat].[localhost].[/] - Initializing Spring DispatcherServlet 'dispatcherServlet'
17:04:22.356 [http-nio-9009-exec-1] INFO  o.s.web.servlet.DispatcherServlet - Initializing Servlet 'dispatcherServlet'
17:04:22.373 [http-nio-9009-exec-1] INFO  o.s.web.servlet.DispatcherServlet - Completed initialization in 17 ms
17:04:22.540 [http-nio-9009-exec-1] INFO  c.i.u.b.r.c.ReportController - getMeetingsByDepartment entered
17:04:27.937 [http-nio-9009-exec-2] INFO  c.i.u.b.r.c.ReportController - getMeetingsByOrganizer entered
17:06:08.424 [http-nio-9009-exec-4] INFO  c.i.u.b.r.c.ReportController - getMeetingsByOrganizer entered
17:06:19.280 [http-nio-9009-exec-5] INFO  c.i.u.b.r.c.ReportController - getMeetingsByOrganizer entered
17:06:36.333 [http-nio-9009-exec-6] INFO  c.i.u.b.r.c.ReportController - getMeetingsByOrganizer entered
17:06:55.926 [http-nio-9009-exec-7] INFO  c.i.u.b.r.c.ReportController - getMeetingsByOrganizer entered
17:06:58.617 [AsyncResolver-bootstrap-executor-0] INFO  c.n.d.s.r.aws.ConfigClusterResolver - Resolving eureka endpoints via configuration
17:07:02.409 [http-nio-9009-exec-8] INFO  c.i.u.b.r.c.ReportController - getMeetingsByOrganizer entered
17:07:12.641 [http-nio-9009-exec-9] INFO  c.i.u.b.r.c.ReportController - getMeetingsByOrganizer entered
17:07:48.272 [http-nio-9009-exec-10] INFO  c.i.u.b.r.c.ReportController - getMeetingsByOrganizer entered
17:07:54.455 [http-nio-9009-exec-1] INFO  c.i.u.b.r.c.ReportController - getMeetingsByOrganizer entered
17:08:25.903 [http-nio-9009-exec-2] INFO  c.i.u.b.r.c.ReportController - getMeetingsByOrganizer entered
17:08:52.834 [http-nio-9009-exec-3] INFO  c.i.u.b.r.c.ReportController - getMeetingsByOrganizer entered
17:09:23.199 [http-nio-9009-exec-4] INFO  c.i.u.b.r.c.ReportController - getMeetingsByOrganizer entered
17:09:34.396 [http-nio-9009-exec-5] INFO  c.i.u.b.r.c.ReportController - getMeetingsByOrganizer entered
17:09:44.899 [http-nio-9009-exec-6] INFO  c.i.u.b.r.c.ReportController - getMeetingsByOrganizer entered
17:10:19.907 [http-nio-9009-exec-7] INFO  c.i.u.b.r.c.ReportController - getMeetingsByOrganizer entered
17:11:58.632 [AsyncResolver-bootstrap-executor-0] INFO  c.n.d.s.r.aws.ConfigClusterResolver - Resolving eureka endpoints via configuration
17:13:18.331 [http-nio-9009-exec-9] INFO  c.i.u.b.r.c.ReportController - getMeetingsByOrganizer entered
17:13:22.253 [http-nio-9009-exec-10] INFO  c.i.u.b.r.c.ReportController - getMeetingsByOrganizer entered
17:14:14.088 [http-nio-9009-exec-1] INFO  c.i.u.b.r.c.ReportController - getMeetingsByOrganizer entered
17:14:16.017 [http-nio-9009-exec-2] INFO  c.i.u.b.r.c.ReportController - getMeetingsByOrganizer entered
17:14:19.094 [http-nio-9009-exec-3] INFO  c.i.u.b.r.c.ReportController - getMeetingsByOrganizer entered
17:14:27.102 [http-nio-9009-exec-4] INFO  c.i.u.b.r.c.ReportController - getMeetingsByOrganizer entered
17:16:58.642 [AsyncResolver-bootstrap-executor-0] INFO  c.n.d.s.r.aws.ConfigClusterResolver - Resolving eureka endpoints via configuration
17:17:43.259 [http-nio-9009-exec-6] INFO  c.i.u.b.r.c.ReportController - getMeetingsByOrganizer entered
17:18:06.023 [http-nio-9009-exec-7] INFO  c.i.u.b.r.c.ReportController - getMeetingsByOrganizer entered
17:18:14.879 [http-nio-9009-exec-8] INFO  c.i.u.b.r.c.ReportController - getMeetingsByOrganizer entered
17:18:22.284 [http-nio-9009-exec-9] INFO  c.i.u.b.r.c.ReportController - getMeetingsByOrganizer entered
17:18:34.899 [http-nio-9009-exec-10] INFO  c.i.u.b.r.c.ReportController - getMeetingsByOrganizer entered
17:19:32.545 [http-nio-9009-exec-1] INFO  c.i.u.b.r.c.ReportController - getMeetingsByOrganizer entered
17:20:11.493 [http-nio-9009-exec-2] INFO  c.i.u.b.r.c.ReportController - getMeetingsByOrganizer entered
17:20:22.238 [http-nio-9009-exec-3] INFO  c.i.u.b.r.c.ReportController - getMeetingsByOrganizer entered
17:20:32.443 [http-nio-9009-exec-4] INFO  c.i.u.b.r.c.ReportController - getMeetingsByOrganizer entered
17:20:41.621 [http-nio-9009-exec-5] INFO  c.i.u.b.r.c.ReportController - getMeetingsByOrganizer entered
17:20:56.778 [http-nio-9009-exec-6] INFO  c.i.u.b.r.c.ReportController - getMeetingsByOrganizer entered
17:21:04.665 [http-nio-9009-exec-7] INFO  c.i.u.b.r.c.ReportController - getMeetingsByOrganizer entered
17:21:36.857 [http-nio-9009-exec-8] INFO  c.i.u.b.r.c.ReportController - getMeetingsByOrganizer entered
17:21:44.500 [http-nio-9009-exec-9] INFO  c.i.u.b.r.c.ReportController - getMeetingsByOrganizer entered
17:21:51.768 [http-nio-9009-exec-10] INFO  c.i.u.b.r.c.ReportController - getMeetingsByOrganizer entered
17:21:58.646 [AsyncResolver-bootstrap-executor-0] INFO  c.n.d.s.r.aws.ConfigClusterResolver - Resolving eureka endpoints via configuration
17:22:30.386 [http-nio-9009-exec-1] INFO  c.i.u.b.r.c.ReportController - getMeetingsByOrganizer entered
17:23:24.508 [http-nio-9009-exec-2] INFO  c.i.u.b.r.c.ReportController - getMeetingsByOrganizer entered
17:23:35.300 [http-nio-9009-exec-3] INFO  c.i.u.b.r.c.ReportController - getMeetingsByOrganizer entered
17:24:40.438 [http-nio-9009-exec-5] INFO  c.i.u.b.r.c.ReportController - getMeetingsByOrganizer entered
17:24:47.376 [http-nio-9009-exec-6] INFO  c.i.u.b.r.c.ReportController - getMeetingsByOrganizer entered
17:25:07.780 [http-nio-9009-exec-7] INFO  c.i.u.b.r.c.ReportController - getMeetingsByOrganizer entered
17:25:08.934 [http-nio-9009-exec-8] INFO  c.i.u.b.r.c.ReportController - getMeetingsByOrganizer entered
17:25:39.254 [http-nio-9009-exec-9] INFO  c.i.u.b.r.c.ReportController - getMeetingsByOrganizer entered
17:26:20.609 [http-nio-9009-exec-10] INFO  c.i.u.b.r.c.ReportController - getMeetingsByOrganizer entered
17:26:29.822 [http-nio-9009-exec-1] INFO  c.i.u.b.r.c.ReportController - getMeetingsByOrganizer entered
17:26:46.095 [http-nio-9009-exec-2] INFO  c.i.u.b.r.c.ReportController - getMeetingsByOrganizer entered
17:26:58.657 [AsyncResolver-bootstrap-executor-0] INFO  c.n.d.s.r.aws.ConfigClusterResolver - Resolving eureka endpoints via configuration
17:27:20.471 [http-nio-9009-exec-3] INFO  c.i.u.b.r.c.ReportController - getMeetingsByOrganizer entered
17:27:30.826 [http-nio-9009-exec-4] INFO  c.i.u.b.r.c.ReportController - getMeetingsByOrganizer entered
17:27:38.136 [http-nio-9009-exec-5] INFO  c.i.u.b.r.c.ReportController - getMeetingsByOrganizer entered
17:27:52.215 [http-nio-9009-exec-6] INFO  c.i.u.b.r.c.ReportController - getMeetingsByOrganizer entered
17:28:17.464 [http-nio-9009-exec-7] INFO  c.i.u.b.r.c.ReportController - getMeetingsByOrganizer entered
17:28:30.820 [http-nio-9009-exec-8] INFO  c.i.u.b.r.c.ReportController - getMeetingsByOrganizer entered
17:28:42.610 [http-nio-9009-exec-9] INFO  c.i.u.b.r.c.ReportController - getMeetingsByOrganizer entered
17:29:19.165 [http-nio-9009-exec-10] INFO  c.i.u.b.r.c.ReportController - getMeetingsByOrganizer entered
17:29:35.775 [http-nio-9009-exec-1] INFO  c.i.u.b.r.c.ReportController - getMeetingsByOrganizer entered
17:29:43.474 [http-nio-9009-exec-2] INFO  c.i.u.b.r.c.ReportController - getMeetingsByOrganizer entered
17:29:57.067 [http-nio-9009-exec-3] INFO  c.i.u.b.r.c.ReportController - getMeetingsByOrganizer entered
17:30:26.791 [http-nio-9009-exec-4] INFO  c.i.u.b.r.c.ReportController - getMeetingsByOrganizer entered
17:30:40.722 [http-nio-9009-exec-5] INFO  c.i.u.b.r.c.ReportController - getMeetingsByOrganizer entered
17:30:47.925 [http-nio-9009-exec-6] INFO  c.i.u.b.r.c.ReportController - getMeetingsByOrganizer entered
17:31:08.302 [http-nio-9009-exec-7] INFO  c.i.u.b.r.c.ReportController - getMeetingsByOrganizer entered
17:31:25.793 [http-nio-9009-exec-8] INFO  c.i.u.b.r.c.ReportController - getMeetingsByOrganizer entered
17:31:41.835 [http-nio-9009-exec-9] INFO  c.i.u.b.r.c.ReportController - getMeetingsByOrganizer entered
17:31:50.277 [http-nio-9009-exec-10] INFO  c.i.u.b.r.c.ReportController - getMeetingsByOrganizer entered
17:31:56.864 [http-nio-9009-exec-1] INFO  c.i.u.b.r.c.ReportController - getMeetingsByOrganizer entered
17:31:58.659 [AsyncResolver-bootstrap-executor-0] INFO  c.n.d.s.r.aws.ConfigClusterResolver - Resolving eureka endpoints via configuration
17:32:03.692 [http-nio-9009-exec-2] INFO  c.i.u.b.r.c.ReportController - getMeetingsByOrganizer entered
17:32:08.525 [http-nio-9009-exec-3] INFO  c.i.u.b.r.c.ReportController - getMeetingsByOrganizer entered
17:32:36.420 [http-nio-9009-exec-4] INFO  c.i.u.b.r.c.ReportController - getMeetingsByOrganizer entered
17:32:45.239 [http-nio-9009-exec-5] INFO  c.i.u.b.r.c.ReportController - getMeetingsByOrganizer entered
17:33:02.410 [http-nio-9009-exec-6] INFO  c.i.u.b.r.c.ReportController - getMeetingsByOrganizer entered
17:33:11.981 [http-nio-9009-exec-7] INFO  c.i.u.b.r.c.ReportController - getMeetingsByOrganizer entered
17:33:18.305 [http-nio-9009-exec-8] INFO  c.i.u.b.r.c.ReportController - getMeetingsByOrganizer entered
17:33:35.734 [http-nio-9009-exec-9] INFO  c.i.u.b.r.c.ReportController - getMeetingsByOrganizer entered
17:35:15.727 [http-nio-9009-exec-1] INFO  c.i.u.b.r.c.ReportController - getMeetingsByOrganizer entered
17:35:21.058 [http-nio-9009-exec-2] INFO  c.i.u.b.r.c.ReportController - getMeetingsByOrganizer entered
17:35:31.283 [http-nio-9009-exec-3] INFO  c.i.u.b.r.c.ReportController - getMeetingsByOrganizer entered
17:35:35.096 [http-nio-9009-exec-4] INFO  c.i.u.b.r.c.ReportController - getMeetingsByOrganizer entered
17:35:49.316 [http-nio-9009-exec-5] INFO  c.i.u.b.r.c.ReportController - getMeetingsByOrganizer entered
17:35:54.949 [http-nio-9009-exec-6] INFO  c.i.u.b.r.c.ReportController - getMeetingsByOrganizer entered
17:36:06.502 [http-nio-9009-exec-7] INFO  c.i.u.b.r.c.ReportController - getMeetingsByOrganizer entered
17:36:14.344 [http-nio-9009-exec-8] INFO  c.i.u.b.r.c.ReportController - getMeetingsByOrganizer entered
17:36:25.700 [http-nio-9009-exec-9] INFO  c.i.u.b.r.c.ReportController - getMeetingsByOrganizer entered
17:36:30.776 [http-nio-9009-exec-10] INFO  c.i.u.b.r.c.ReportController - getMeetingsByOrganizer entered
17:36:58.669 [AsyncResolver-bootstrap-executor-0] INFO  c.n.d.s.r.aws.ConfigClusterResolver - Resolving eureka endpoints via configuration
19:09:45.194 [HikariPool-1 housekeeper] WARN  com.zaxxer.hikari.pool.HikariPool - HikariPool-1 - Thread starvation or clock leap detected (housekeeper delta=1h28m17s361ms709µs300ns).
19:09:46.036 [AsyncResolver-bootstrap-executor-0] INFO  c.n.d.s.r.aws.ConfigClusterResolver - Resolving eureka endpoints via configuration
19:09:49.977 [http-nio-9009-exec-2] INFO  c.i.u.b.r.c.ReportController - getMeetingsByOrganizer entered
19:09:53.585 [http-nio-9009-exec-3] INFO  c.i.u.b.r.c.ReportController - getMeetingsByOrganizer entered
19:09:59.461 [http-nio-9009-exec-4] INFO  c.i.u.b.r.c.ReportController - getMeetingsByOrganizer entered
19:10:02.233 [http-nio-9009-exec-5] INFO  c.i.u.b.r.c.ReportController - getMeetingsByOrganizer entered
19:14:46.042 [AsyncResolver-bootstrap-executor-0] INFO  c.n.d.s.r.aws.ConfigClusterResolver - Resolving eureka endpoints via configuration
19:19:46.045 [AsyncResolver-bootstrap-executor-0] INFO  c.n.d.s.r.aws.ConfigClusterResolver - Resolving eureka endpoints via configuration
19:24:46.055 [AsyncResolver-bootstrap-executor-0] INFO  c.n.d.s.r.aws.ConfigClusterResolver - Resolving eureka endpoints via configuration
19:29:46.071 [AsyncResolver-bootstrap-executor-0] INFO  c.n.d.s.r.aws.ConfigClusterResolver - Resolving eureka endpoints via configuration
19:34:46.078 [AsyncResolver-bootstrap-executor-0] INFO  c.n.d.s.r.aws.ConfigClusterResolver - Resolving eureka endpoints via configuration
19:39:46.087 [AsyncResolver-bootstrap-executor-0] INFO  c.n.d.s.r.aws.ConfigClusterResolver - Resolving eureka endpoints via configuration
19:44:46.093 [AsyncResolver-bootstrap-executor-0] INFO  c.n.d.s.r.aws.ConfigClusterResolver - Resolving eureka endpoints via configuration
19:49:46.104 [AsyncResolver-bootstrap-executor-0] INFO  c.n.d.s.r.aws.ConfigClusterResolver - Resolving eureka endpoints via configuration
19:54:46.113 [AsyncResolver-bootstrap-executor-0] INFO  c.n.d.s.r.aws.ConfigClusterResolver - Resolving eureka endpoints via configuration
19:59:46.122 [AsyncResolver-bootstrap-executor-0] INFO  c.n.d.s.r.aws.ConfigClusterResolver - Resolving eureka endpoints via configuration
20:04:46.125 [AsyncResolver-bootstrap-executor-0] INFO  c.n.d.s.r.aws.ConfigClusterResolver - Resolving eureka endpoints via configuration
20:09:46.132 [AsyncResolver-bootstrap-executor-0] INFO  c.n.d.s.r.aws.ConfigClusterResolver - Resolving eureka endpoints via configuration
20:14:46.139 [AsyncResolver-bootstrap-executor-0] INFO  c.n.d.s.r.aws.ConfigClusterResolver - Resolving eureka endpoints via configuration
20:19:46.150 [AsyncResolver-bootstrap-executor-0] INFO  c.n.d.s.r.aws.ConfigClusterResolver - Resolving eureka endpoints via configuration
20:24:46.167 [AsyncResolver-bootstrap-executor-0] INFO  c.n.d.s.r.aws.ConfigClusterResolver - Resolving eureka endpoints via configuration
20:29:46.179 [AsyncResolver-bootstrap-executor-0] INFO  c.n.d.s.r.aws.ConfigClusterResolver - Resolving eureka endpoints via configuration
20:34:46.183 [AsyncResolver-bootstrap-executor-0] INFO  c.n.d.s.r.aws.ConfigClusterResolver - Resolving eureka endpoints via configuration
20:39:46.338 [AsyncResolver-bootstrap-executor-0] INFO  c.n.d.s.r.aws.ConfigClusterResolver - Resolving eureka endpoints via configuration
20:44:46.470 [AsyncResolver-bootstrap-executor-0] INFO  c.n.d.s.r.aws.ConfigClusterResolver - Resolving eureka endpoints via configuration
20:49:46.479 [AsyncResolver-bootstrap-executor-0] INFO  c.n.d.s.r.aws.ConfigClusterResolver - Resolving eureka endpoints via configuration
20:54:46.489 [AsyncResolver-bootstrap-executor-0] INFO  c.n.d.s.r.aws.ConfigClusterResolver - Resolving eureka endpoints via configuration
20:59:46.492 [AsyncResolver-bootstrap-executor-0] INFO  c.n.d.s.r.aws.ConfigClusterResolver - Resolving eureka endpoints via configuration
21:04:46.495 [AsyncResolver-bootstrap-executor-0] INFO  c.n.d.s.r.aws.ConfigClusterResolver - Resolving eureka endpoints via configuration
21:09:46.505 [AsyncResolver-bootstrap-executor-0] INFO  c.n.d.s.r.aws.ConfigClusterResolver - Resolving eureka endpoints via configuration
21:14:46.510 [AsyncResolver-bootstrap-executor-0] INFO  c.n.d.s.r.aws.ConfigClusterResolver - Resolving eureka endpoints via configuration
21:19:46.515 [AsyncResolver-bootstrap-executor-0] INFO  c.n.d.s.r.aws.ConfigClusterResolver - Resolving eureka endpoints via configuration
21:24:46.526 [AsyncResolver-bootstrap-executor-0] INFO  c.n.d.s.r.aws.ConfigClusterResolver - Resolving eureka endpoints via configuration
21:29:46.532 [AsyncResolver-bootstrap-executor-0] INFO  c.n.d.s.r.aws.ConfigClusterResolver - Resolving eureka endpoints via configuration
21:34:46.546 [AsyncResolver-bootstrap-executor-0] INFO  c.n.d.s.r.aws.ConfigClusterResolver - Resolving eureka endpoints via configuration
21:39:46.558 [AsyncResolver-bootstrap-executor-0] INFO  c.n.d.s.r.aws.ConfigClusterResolver - Resolving eureka endpoints via configuration
21:44:46.562 [AsyncResolver-bootstrap-executor-0] INFO  c.n.d.s.r.aws.ConfigClusterResolver - Resolving eureka endpoints via configuration
21:49:46.565 [AsyncResolver-bootstrap-executor-0] INFO  c.n.d.s.r.aws.ConfigClusterResolver - Resolving eureka endpoints via configuration
21:54:46.579 [AsyncResolver-bootstrap-executor-0] INFO  c.n.d.s.r.aws.ConfigClusterResolver - Resolving eureka endpoints via configuration
21:59:46.594 [AsyncResolver-bootstrap-executor-0] INFO  c.n.d.s.r.aws.ConfigClusterResolver - Resolving eureka endpoints via configuration
22:04:46.611 [AsyncResolver-bootstrap-executor-0] INFO  c.n.d.s.r.aws.ConfigClusterResolver - Resolving eureka endpoints via configuration
22:09:46.620 [AsyncResolver-bootstrap-executor-0] INFO  c.n.d.s.r.aws.ConfigClusterResolver - Resolving eureka endpoints via configuration
22:14:46.624 [AsyncResolver-bootstrap-executor-0] INFO  c.n.d.s.r.aws.ConfigClusterResolver - Resolving eureka endpoints via configuration
22:19:46.637 [AsyncResolver-bootstrap-executor-0] INFO  c.n.d.s.r.aws.ConfigClusterResolver - Resolving eureka endpoints via configuration
22:24:46.638 [AsyncResolver-bootstrap-executor-0] INFO  c.n.d.s.r.aws.ConfigClusterResolver - Resolving eureka endpoints via configuration
22:29:46.641 [AsyncResolver-bootstrap-executor-0] INFO  c.n.d.s.r.aws.ConfigClusterResolver - Resolving eureka endpoints via configuration
22:34:46.643 [AsyncResolver-bootstrap-executor-0] INFO  c.n.d.s.r.aws.ConfigClusterResolver - Resolving eureka endpoints via configuration
22:39:46.648 [AsyncResolver-bootstrap-executor-0] INFO  c.n.d.s.r.aws.ConfigClusterResolver - Resolving eureka endpoints via configuration
22:44:46.650 [AsyncResolver-bootstrap-executor-0] INFO  c.n.d.s.r.aws.ConfigClusterResolver - Resolving eureka endpoints via configuration
22:49:46.656 [AsyncResolver-bootstrap-executor-0] INFO  c.n.d.s.r.aws.ConfigClusterResolver - Resolving eureka endpoints via configuration
22:54:46.659 [AsyncResolver-bootstrap-executor-0] INFO  c.n.d.s.r.aws.ConfigClusterResolver - Resolving eureka endpoints via configuration
22:59:46.675 [AsyncResolver-bootstrap-executor-0] INFO  c.n.d.s.r.aws.ConfigClusterResolver - Resolving eureka endpoints via configuration
23:04:46.683 [AsyncResolver-bootstrap-executor-0] INFO  c.n.d.s.r.aws.ConfigClusterResolver - Resolving eureka endpoints via configuration
23:09:46.684 [AsyncResolver-bootstrap-executor-0] INFO  c.n.d.s.r.aws.ConfigClusterResolver - Resolving eureka endpoints via configuration
23:14:46.688 [AsyncResolver-bootstrap-executor-0] INFO  c.n.d.s.r.aws.ConfigClusterResolver - Resolving eureka endpoints via configuration
23:19:46.698 [AsyncResolver-bootstrap-executor-0] INFO  c.n.d.s.r.aws.ConfigClusterResolver - Resolving eureka endpoints via configuration
23:24:46.709 [AsyncResolver-bootstrap-executor-0] INFO  c.n.d.s.r.aws.ConfigClusterResolver - Resolving eureka endpoints via configuration
23:29:46.716 [AsyncResolver-bootstrap-executor-0] INFO  c.n.d.s.r.aws.ConfigClusterResolver - Resolving eureka endpoints via configuration
23:34:46.720 [AsyncResolver-bootstrap-executor-0] INFO  c.n.d.s.r.aws.ConfigClusterResolver - Resolving eureka endpoints via configuration
23:39:46.722 [AsyncResolver-bootstrap-executor-0] INFO  c.n.d.s.r.aws.ConfigClusterResolver - Resolving eureka endpoints via configuration
23:44:46.725 [AsyncResolver-bootstrap-executor-0] INFO  c.n.d.s.r.aws.ConfigClusterResolver - Resolving eureka endpoints via configuration
23:49:46.730 [AsyncResolver-bootstrap-executor-0] INFO  c.n.d.s.r.aws.ConfigClusterResolver - Resolving eureka endpoints via configuration
23:54:46.742 [AsyncResolver-bootstrap-executor-0] INFO  c.n.d.s.r.aws.ConfigClusterResolver - Resolving eureka endpoints via configuration
23:59:46.751 [AsyncResolver-bootstrap-executor-0] INFO  c.n.d.s.r.aws.ConfigClusterResolver - Resolving eureka endpoints via configuration
